<beans xmlns="http://www.springframework.org/schema/beans"
	xmlns:mvc="http://www.springframework.org/schema/mvc" xmlns:xsi="http://www.w3.org/2001/XMLSchema-instance"
	xmlns:context="http://www.springframework.org/schema/context"
	xmlns:util="http://www.springframework.org/schema/util"
	xsi:schemaLocation="
        http://www.springframework.org/schema/beans 
        http://www.springframework.org/schema/beans/spring-beans-3.2.xsd
		http://www.springframework.org/schema/context
		http://www.springframework.org/schema/context/spring-context-3.2.xsd
		http://www.springframework.org/schema/util
		http://www.springframework.org/schema/util/spring-util-3.2.xsd
        http://www.springframework.org/schema/mvc
        http://www.springframework.org/schema/mvc/spring-mvc-3.2.xsd">

	<bean id="BookService_DynamicProxy"
		class="com.github.ggeorgovassilis.springjsonmapper.spring.SpringRestInvokerProxyFactoryBean">
		<property name="baseUrl" value="https://www.googleapis.com/books/v1" />
		<property name="remoteServiceInterfaceClass"
			value="com.github.ggeorgovassilis.springjsonmapper.services.spring.BookServiceSpring" />
	</bean>

	<bean id="BookService_OpaqueProxy"
		class="com.github.ggeorgovassilis.springjsonmapper.spring.SpringRestInvokerProxyFactoryBean">
		<property name="baseUrl" value="https://www.googleapis.com/books/v1" />
		<property name="remoteServiceInterfaceClass"
			value="com.github.ggeorgovassilis.springjsonmapper.services.spring.BookServiceSpring" />
		<property name="proxyFactory">
			<bean
				class="com.github.ggeorgovassilis.springjsonmapper.utils.CglibProxyFactory">
				<property name="proxyTargetClass"
					value="com.github.ggeorgovassilis.springjsonmapper.support.BaseProxyClass" />
			</bean>
		</property>
	</bean>

</beans>
