<beans xmlns="http://www.springframework.org/schema/beans"
	xmlns:mvc="http://www.springframework.org/schema/mvc" xmlns:xsi="http://www.w3.org/2001/XMLSchema-instance"
	xmlns:context="http://www.springframework.org/schema/context"
	xmlns:util="http://www.springframework.org/schema/util"
	xsi:schemaLocation="
        http://www.springframework.org/schema/beans 
        http://www.springframework.org/schema/beans/spring-beans-3.2.xsd
		http://www.springframework.org/schema/context
		http://www.springframework.org/schema/context/spring-context-3.2.xsd
		http://www.springframework.org/schema/util
		http://www.springframework.org/schema/util/spring-util-3.2.xsd
        http://www.springframework.org/schema/mvc
        http://www.springframework.org/schema/mvc/spring-mvc-3.2.xsd">

<!-- 
	Here is an example of how to set up logging. For a much simplified, normal, production setup you don't need any of these declarations up to and
	including restTemplate.
 -->
	<util:list id="interceptors">
		<bean
			class="com.github.ggeorgovassilis.springjsonmapper.utils.LoggingRequestInterceptor" />
	</util:list>

	<bean id="requestFactory"
		class="org.springframework.http.client.BufferingClientHttpRequestFactory">
		<constructor-arg>
			<bean
				class="org.springframework.http.client.SimpleClientHttpRequestFactory">
			</bean>
		</constructor-arg>
	</bean>

	<bean id="restTemplate" class="org.springframework.web.client.RestTemplate">
		<property name="interceptors" ref="interceptors"/>
		<property name="requestFactory">
			<bean
				class="org.springframework.http.client.InterceptingClientHttpRequestFactory">
				<constructor-arg ref="requestFactory" />
				<constructor-arg ref="interceptors"/>
			</bean>
		</property>
	</bean>

	<bean id="BookService"
		class="com.github.ggeorgovassilis.springjsonmapper.spring.SpringRestInvokerProxyFactoryBean">
		<property name="baseUrl" value="https://www.googleapis.com/books/v1" />
		<property name="remoteServiceInterfaceClass" value="com.github.ggeorgovassilis.springjsonmapper.services.spring.BookServiceSpring"/>
		<property name="restTemplate" ref="restTemplate"/>
	</bean>

</beans>
