<beans xmlns="http://www.springframework.org/schema/beans"
	xmlns:mvc="http://www.springframework.org/schema/mvc" xmlns:xsi="http://www.w3.org/2001/XMLSchema-instance"
	xmlns:context="http://www.springframework.org/schema/context"
	xsi:schemaLocation="
        http://www.springframework.org/schema/beans 
        http://www.springframework.org/schema/beans/spring-beans-3.2.xsd
		http://www.springframework.org/schema/context
		http://www.springframework.org/schema/context/spring-context-3.2.xsd
        http://www.springframework.org/schema/mvc
        http://www.springframework.org/schema/mvc/spring-mvc-3.2.xsd">

	<bean
		class="com.github.ggeorgovassilis.springjsonmapper.spring.SpringRestInvokerProxyFactoryBean">
		<property name="baseUrl" value="http://localhost/errorservice" />
		<property name="remoteServiceInterfaceClass" value="com.github.ggeorgovassilis.springjsonmapper.services.spring.InterfaceWithErrorsSpring"/>
	</bean>

</beans>
